!      ---- Modo de Desenho da Barra ---
BU
!      ---- Tamanho da Fonte das Legendas ---
F 1
!      ---- Cores (Fundo - Identificador - Numero - Valor - Grid - Fluxo Ativo - Fluxo Reativo)---
RF 255 255 255
RI 128 0 128
RN 128 0 128
RV 0 0 255
RG 0 0 0
RA 0 0 255
RR 255 0 0
!      ---- Grupos Base de Tensão ----
!Ten  lar  R   G   B ID
G 1 1 0 0 0  0
!    ---- Componentes ----
!Numero Tipo Rot Hac Px Py Cor sl SubTp ch1 ch2 ch3 ch4 Descrip
C  1  1 1026 0 -394.022 -629.85  1  0 -  1  0  0  0 0
C  2  1 256 0 -681.898 -517.477  1  0 -  2  0  0  0 0
C  3  1 256 0 -178.746 -545.255  1  0 -  3  0  0  0 0
C  4  1 256 0 -626.343 -444.877  1  0 -  4  0  0  0 0
C  5  1 256 0 -340.992 -437.933  1  0 -  5  0  0  0 0
C  8  1 256 0 -99.2017 -435.408  1  0 -  6  0  0  0 0
C 10  1 256 0 -714.726 -362.176  1  0 -  7  0  0  0 0
C 11  1 256 0 -500.081 -347.656  1  0 -  8  0  0  0 0
C 12  1 256 0 125.544 -454.978  1  0 -  9  0  0  0 0
C 13  1 256 0 15.0649 -347.025  1  0 - 10  0  0  0 0
C 14  1 256 0 -625.712 -242.228  1  0 - 11  0  0  0 0
C 16  1 256 0 -346.674 -261.167  1  0 - 12  0  0  0 0
C 17  1 256 0 -5.13694 -258.01  1  0 - 13  0  0  0 0
C 18  1 256 0 -335.942 -154.409  1  0 - 14  0  0  0 0
C 19  5 0 0 196.14 -416.176  1  0 -  1  9  0  0 0
C 20  6 0 0 140.833 -423.752  1  0 -  1  9  0  0 0
!      ---- Linhas ----
!Numero Tipo hac sl De Para ch1 nsg segmentos
L26 14 0 0   1   2  1  1 5 
!     ---- Ligacoes ----
!Numero Flags cor Inic Coni Fin Conf Linhas nqb quebras
U 1 0  1  19   1  12   2  -1   0 
U 2 0  1  20   1  12   2  -1   0 
U 5 0  1   1  11   2   2  26   0 
!    ---- Posição de Legenda de Componentes ----
!NumCompo Label Rot Px Py
X  19  1  0    -7.42   -12.11
X  19  1  3    96.00   -80.65
!     ---- Posição de Legenda de Ligacoes ----
!Lado NumLig Label Px Py
