!      ---- Modo de Desenho da Barra ---
BU
!      ---- Tamanho da Fonte das Legendas ---
F 1
!      ---- Cores (Fundo - Identificador - Numero - Valor - Grid - Fluxo Ativo - Fluxo Reativo)---
RF 255 255 255
RI 128 0 128
RN 128 0 128
RV 0 0 255
RG 0 0 0
RA 0 0 255
RR 255 0 0
!      ---- Grupos Base de Tensão ----
!Ten  lar  R   G   B ID
G 1 1 0 0 0  0
!    ---- Componentes ----
!Numero Tipo Rot Hac Px Py Cor sl SubTp ch1 ch2 ch3 ch4 Descrip
C 28  1 1793 0    -64    -64  1  0 -  1  0  0  0 0
C 29  1 257 0     80    -64  1  0 -  2  0  0  0 0
C 35  1 257 0    304   -320  1  0 -  3  0  0  0 0
C 36  1 257 0    304    -64  1  0 -  4  0  0  0 0
C 37  1 257 0     80    208  1  0 -  5  0  0  0 0
C 40  1 257 0    304    208  1  0 -  6  0  0  0 0
C 41  1 257 0    560    -64  1  0 -  7  0  0  0 0
C 42  1 257 0    816    -64  1  0 -  8  0  0  0 0
C 43  1 257 0    816     64  1  0 -  9  0  0  0 0
C 44  1 257 0    720    336  1  0 - 10  0  0  0 0
C 45  1 257 0    560    208  1  0 - 11  0  0  0 0
C 46  1 257 0    304    464  1  0 - 12  0  0  0 0
C 47  1 513 0    560    352  1  0 - 13  0  0  0 0
C 48  1 257 0    816    384  1  0 - 14  0  0  0 0
C 80  9 3 0    448    -48  0  0 -  8  4  7  0 0
C 82  9 3 0    448     80  0  0 -  9  4  9  0 0
C 96  9 3 0    192    224  0  0 - 10  5  6  0 0
!      ---- Linhas ----
!Numero Tipo hac sl De Para ch1 nsg segmentos
L32 14 0 0  28  29  1  1 26 
L39 14 0 0  28  37  2  1 28 
L66 14 0 0  29  35  3  1 29 
L67 14 0 0  29  36  4  1 30 
L68 14 0 0  29  37  5  1 31 
L72 14 0 0  35  36  6  1 32 
L77 14 0 0  36  37  7  1 33 
L99 14 0 0  40  45 11  1 41 
L102 14 0 0  40  46 12  1 42 
L116 14 0 0  40  47 13  1 43 
L126 14 0 0  41  42 14  1 47 
L127 14 0 0  41  43 15  1 48 
L135 14 0 0  43  44 16  1 49 
L139 14 0 0  43  48 17  1 50 
L143 14 0 0  44  45 18  1 51 
L148 14 0 0  46  47 19  1 53 
L149 14 0 0  47  48 20  1 54 
!     ---- Ligacoes ----
!Numero Flags cor Inic Coni Fin Conf Linhas nqb quebras
U26 0  1  28   2  29   2  32   0 
U28 0  1  28  19  37   2  39   0 
U29 0  1  29   1  35   2  66   0 
U30 0  1  29   2  36   2  67   0 
U31 0  1  29   1  37   1  68   0 
U32 0  1  35   2  36   1  72   0 
U33 0  1  36   3  37   2  77   0 
U35 0  1  80   1  36   2  -1   0 
U36 0  1  80   2  41   2  -1   0 
U37 0  1  82   1  36   3  -1   0 
U38 0  1  82   2  43   2  -1   0 
U39 0  1  96   1  37   2  -1   0 
U40 0  1  96   2  40   2  -1   0 
U41 0  1  40   2  45   2  99   0 
U42 0  1  40   3  46   2 102   0 
U43 0  1  40   2  47   2 116   0 
U47 0  1  41   2  42   2 126   0 
U48 0  1  41   3  43   1 127   0 
U49 0  1  43   2  44   1 135   0 
U50 0  1  43   2  48   2 139   0 
U51 0  1  44   2  45   3 143   0 
U53 0  1  46   2  47   5 148   0 
U54 0  1  47   4  48   2 149   0 
!    ---- Posição de Legenda de Componentes ----
!NumCompo Label Rot Px Py
X  41  2  1     0.00     8.00
X  42  0  1     0.00   -20.00
X  45  2  1     0.00     8.00
!     ---- Posição de Legenda de Ligacoes ----
!Lado NumLig Label Px Py
YI  43  1    50.98    -4.39
YI  43  2    52.21    15.67
YI  48  1    18.51    -9.27
YI  48  2    25.24    16.19
YF  48  1   -38.58    -1.44
YF  48  2   -46.67     7.77
YI  49  1    18.74    -5.87
YI  49  2    12.74    14.56
YF  49  1   -39.94    -5.89
YF  49  2   -31.66    12.72
YF  51  1    25.18    -1.32
YF  51  2    11.77    11.27
